Arguments: 
  /usr/local/bin/node /usr/local/bin/yarn add inquier

PATH: 
  /usr/local/bin:/usr/bin:/bin:/usr/sbin:/sbin:/Library/Apple/usr/bin:/Users/wuguanyu/development/flutter/bin:/bin:/Users/wuguanyu/development/flutter/bin

Yarn version: 
  1.22.11

Node version: 
  14.17.0

Platform: 
  darwin x64

Trace: 
  Error: http://registry.npm.taobao.org/inquier: [NOT_FOUND] inquier not found
      at Request.params.callback [as _callback] (/usr/local/lib/node_modules/yarn/lib/cli.js:66992:18)
      at Request.self.callback (/usr/local/lib/node_modules/yarn/lib/cli.js:140763:22)
      at Request.emit (events.js:376:20)
      at Request.<anonymous> (/usr/local/lib/node_modules/yarn/lib/cli.js:141735:10)
      at Request.emit (events.js:376:20)
      at Gunzip.<anonymous> (/usr/local/lib/node_modules/yarn/lib/cli.js:141657:12)
      at Object.onceWrapper (events.js:482:28)
      at Gunzip.emit (events.js:376:20)
      at endReadableNT (internal/streams/readable.js:1336:12)
      at processTicksAndRejections (internal/process/task_queues.js:82:21)

npm manifest: 
  {
    "name": "diy-cli",
    "version": "1.0.0",
    "bin" :"lib/cli.js",
    "main": "index.js",
    "license": "MIT"
  }

yarn manifest: 
  No manifest

Lockfile: 
  No lockfile
